2024-08-06 22:04:30,414 : CRITICAL : Test_OrangeHRM_Login : test_orangehrm_url : 20 : Test case is started
2024-08-06 22:04:30,415 : INFO : Test_OrangeHRM_Login : test_orangehrm_url : 23 : Opening browser
2024-08-06 22:04:35,136 : INFO : Test_OrangeHRM_Login : test_orangehrm_login : 45 : Taking the screenshot
2024-08-06 22:04:35,195 : INFO : Test_OrangeHRM_Login : test_orangehrm_login : 48 : Testcase is passed
2024-08-06 22:04:35,910 : INFO : Test_OrangeHRM_Login : test_orangehrm_login : 63 : Closing the browser
2024-08-06 22:04:37,974 : INFO : Test_OrangeHRM_Login : test_orangehrm_login : 65 : Browser closed
2024-08-06 22:18:20,605 : CRITICAL : Test_OrangeHRM_Login : test_orangehrm_url : 20 : Test case is started
2024-08-06 22:18:20,606 : INFO : Test_OrangeHRM_Login : test_orangehrm_url : 23 : Opening browser
2024-08-06 22:18:26,063 : INFO : Test_OrangeHRM_Login : test_orangehrm_login : 45 : Taking the screenshot
2024-08-06 22:18:26,122 : INFO : Test_OrangeHRM_Login : test_orangehrm_login : 48 : Testcase is passed
2024-08-06 22:18:26,867 : INFO : Test_OrangeHRM_Login : test_orangehrm_login : 63 : Closing the browser
2024-08-06 22:18:28,931 : INFO : Test_OrangeHRM_Login : test_orangehrm_login : 65 : Browser closed
2024-08-07 00:44:43,957 : CRITICAL : Test_OrangeHRM_Login_params : test_orangehrm_url_params : 20 : Test case is started
2024-08-07 00:44:43,957 : INFO : Test_OrangeHRM_Login_params : test_orangehrm_url_params : 23 : Opening browser
2024-08-07 00:45:06,571 : INFO : Test_OrangeHRM_Login_params : test_orangehrm_login_params : 45 : Taking the screenshot with params
2024-08-07 00:45:07,067 : INFO : Test_OrangeHRM_Login_params : test_orangehrm_login_params : 48 : Testcase_Param is passed
2024-08-07 00:45:07,830 : INFO : Test_OrangeHRM_Login_params : test_orangehrm_login_params : 80 : Closing the browser with params
2024-08-07 00:45:09,963 : INFO : Test_OrangeHRM_Login_params : test_orangehrm_login_params : 82 : Browser closed with params
2024-08-07 00:46:13,012 : INFO : Test_OrangeHRM_Login_params : test_orangehrm_login_params : 80 : Closing the browser with params
2024-08-07 00:46:15,135 : INFO : Test_OrangeHRM_Login_params : test_orangehrm_login_params : 82 : Browser closed with params
2024-08-07 00:47:18,090 : INFO : Test_OrangeHRM_Login_params : test_orangehrm_login_params : 80 : Closing the browser with params
2024-08-07 00:47:20,211 : INFO : Test_OrangeHRM_Login_params : test_orangehrm_login_params : 82 : Browser closed with params
2024-08-07 00:48:23,082 : INFO : Test_OrangeHRM_Login_params : test_orangehrm_login_params : 80 : Closing the browser with params
2024-08-07 00:48:25,203 : INFO : Test_OrangeHRM_Login_params : test_orangehrm_login_params : 82 : Browser closed with params
2024-08-07 01:00:16,663 : CRITICAL : Test_OrangeHRM_Login_params : test_orangehrm_url_params : 20 : Test case is started
2024-08-07 01:00:16,664 : INFO : Test_OrangeHRM_Login_params : test_orangehrm_url_params : 23 : Opening browser
2024-08-07 01:00:38,460 : INFO : Test_OrangeHRM_Login_params : test_orangehrm_login_params : 45 : Taking the screenshot with params
2024-08-07 01:00:39,756 : INFO : Test_OrangeHRM_Login_params : test_orangehrm_login_params : 48 : Testcase_Param is passed
2024-08-07 01:00:40,471 : INFO : Test_OrangeHRM_Login_params : test_orangehrm_login_params : 80 : Closing the browser with params
2024-08-07 01:00:42,571 : INFO : Test_OrangeHRM_Login_params : test_orangehrm_login_params : 82 : Browser closed with params
2024-08-07 01:01:45,466 : INFO : Test_OrangeHRM_Login_params : test_orangehrm_login_params : 80 : Closing the browser with params
2024-08-07 01:01:47,551 : INFO : Test_OrangeHRM_Login_params : test_orangehrm_login_params : 82 : Browser closed with params
2024-08-07 01:02:50,598 : INFO : Test_OrangeHRM_Login_params : test_orangehrm_login_params : 80 : Closing the browser with params
2024-08-07 01:02:52,683 : INFO : Test_OrangeHRM_Login_params : test_orangehrm_login_params : 82 : Browser closed with params
2024-08-07 01:03:55,484 : INFO : Test_OrangeHRM_Login_params : test_orangehrm_login_params : 80 : Closing the browser with params
2024-08-07 01:03:57,572 : INFO : Test_OrangeHRM_Login_params : test_orangehrm_login_params : 82 : Browser closed with params
2024-08-07 16:31:10,282 : CRITICAL : Test_OrangeHRM_Login_params : test_orangehrm_url_params : 20 : Test case is started
2024-08-07 16:31:10,282 : INFO : Test_OrangeHRM_Login_params : test_orangehrm_url_params : 23 : Opening browser
2024-08-07 16:31:15,955 : INFO : Test_OrangeHRM_Login_params : test_orangehrm_login_params : 45 : Taking the screenshot with params
2024-08-07 16:31:16,623 : INFO : Test_OrangeHRM_Login_params : test_orangehrm_login_params : 48 : Testcase_Param is passed
2024-08-07 16:31:17,469 : INFO : Test_OrangeHRM_Login_params : test_orangehrm_login_params : 80 : Closing the browser with params
2024-08-07 16:31:19,652 : INFO : Test_OrangeHRM_Login_params : test_orangehrm_login_params : 82 : Browser closed with params
2024-08-07 16:32:00,156 : INFO : Test_OrangeHRM_Login_params : test_orangehrm_login_params : 80 : Closing the browser with params
2024-08-07 16:32:02,263 : INFO : Test_OrangeHRM_Login_params : test_orangehrm_login_params : 82 : Browser closed with params
2024-08-07 16:32:16,633 : INFO : Test_OrangeHRM_Login_params : test_orangehrm_login_params : 80 : Closing the browser with params
2024-08-07 16:32:18,710 : INFO : Test_OrangeHRM_Login_params : test_orangehrm_login_params : 82 : Browser closed with params
2024-08-07 16:32:31,856 : INFO : Test_OrangeHRM_Login_params : test_orangehrm_login_params : 80 : Closing the browser with params
2024-08-07 16:32:33,962 : INFO : Test_OrangeHRM_Login_params : test_orangehrm_login_params : 82 : Browser closed with params
2024-08-07 17:42:04,834 : CRITICAL : Test_OrangeHRM_Login_DDT : test_orangehrm_url_DDT : 21 : Test case is started
2024-08-07 17:42:04,834 : INFO : Test_OrangeHRM_Login_DDT : test_orangehrm_url_DDT : 24 : Opening browser
2024-08-07 17:43:53,857 : CRITICAL : Test_OrangeHRM_Login_DDT : test_orangehrm_url_DDT : 21 : Test case is started
2024-08-07 17:43:53,857 : INFO : Test_OrangeHRM_Login_DDT : test_orangehrm_url_DDT : 24 : Opening browser
2024-08-07 18:12:32,947 : CRITICAL : Test_OrangeHRM_Login_DDT : test_orangehrm_url_DDT : 21 : Test case is started
2024-08-07 18:12:32,947 : INFO : Test_OrangeHRM_Login_DDT : test_orangehrm_url_DDT : 24 : Opening browser
2024-08-07 18:21:43,342 : CRITICAL : Test_OrangeHRM_Login_DDT : test_orangehrm_url_DDT : 21 : Test case is started
2024-08-07 18:21:43,342 : INFO : Test_OrangeHRM_Login_DDT : test_orangehrm_url_DDT : 24 : Opening browser
2024-08-07 18:27:44,466 : CRITICAL : Test_OrangeHRM_Login_DDT : test_orangehrm_url_DDT : 21 : Test case is started
2024-08-07 18:27:44,467 : INFO : Test_OrangeHRM_Login_DDT : test_orangehrm_url_DDT : 24 : Opening browser
2024-08-07 20:25:21,543 : CRITICAL : Test_OrangeHRM_Login_DDT : test_orangehrm_url_DDT : 21 : Test case is started
2024-08-07 20:25:21,543 : INFO : Test_OrangeHRM_Login_DDT : test_orangehrm_url_DDT : 24 : Opening browser
2024-08-07 20:28:01,808 : CRITICAL : Test_OrangeHRM_Login_DDT : test_orangehrm_url_DDT : 21 : Test case is started
2024-08-07 20:28:01,808 : INFO : Test_OrangeHRM_Login_DDT : test_orangehrm_url_DDT : 24 : Opening browser
2024-08-07 20:30:43,049 : CRITICAL : Test_OrangeHRM_Login_DDT : test_orangehrm_url_DDT : 21 : Test case is started
2024-08-07 20:30:43,049 : INFO : Test_OrangeHRM_Login_DDT : test_orangehrm_url_DDT : 24 : Opening browser
2024-08-07 20:31:38,289 : INFO : Test_OrangeHRM_Login_DDT : test_orangehrm_login_DDT : 94 : Closing the browser for DDT
2024-08-07 20:31:38,289 : INFO : Test_OrangeHRM_Login_DDT : test_orangehrm_login_DDT : 95 : Browser closed for DDT
2024-08-07 20:58:24,549 : CRITICAL : Test_OrangeHRM_Login_DDT : test_orangehrm_url_DDT : 21 : Test case is started
2024-08-07 20:58:24,549 : INFO : Test_OrangeHRM_Login_DDT : test_orangehrm_url_DDT : 24 : Opening browser
2024-08-07 20:59:20,168 : INFO : Test_OrangeHRM_Login_DDT : test_orangehrm_login_DDT : 99 : DDT Test Case Passed
2024-08-07 20:59:20,168 : INFO : Test_OrangeHRM_Login_DDT : test_orangehrm_login_DDT : 105 : Closing the browser for DDT
2024-08-07 20:59:20,168 : INFO : Test_OrangeHRM_Login_DDT : test_orangehrm_login_DDT : 106 : Browser closed for DDT
2024-08-07 21:01:19,672 : CRITICAL : Test_OrangeHRM_Login_DDT : test_orangehrm_url_DDT : 21 : Test case is started
2024-08-07 21:01:19,672 : INFO : Test_OrangeHRM_Login_DDT : test_orangehrm_url_DDT : 24 : Opening browser
2024-08-07 21:02:15,009 : INFO : Test_OrangeHRM_Login_DDT : test_orangehrm_login_DDT : 99 : DDT Test Case Passed
2024-08-07 21:02:15,010 : INFO : Test_OrangeHRM_Login_DDT : test_orangehrm_login_DDT : 105 : Closing the browser for DDT
2024-08-07 21:02:15,010 : INFO : Test_OrangeHRM_Login_DDT : test_orangehrm_login_DDT : 106 : Browser closed for DDT
2024-08-07 21:06:32,516 : CRITICAL : Test_OrangeHRM_Login_DDT : test_orangehrm_url_DDT : 21 : Test case is started
2024-08-07 21:06:32,516 : INFO : Test_OrangeHRM_Login_DDT : test_orangehrm_url_DDT : 24 : Opening browser
2024-08-07 21:06:43,743 : INFO : Test_OrangeHRM_Login_DDT : test_orangehrm_login_DDT : 62 : Taking the screenshot with params
2024-08-07 21:09:11,941 : INFO : Test_OrangeHRM_Login_DDT : test_orangehrm_login_DDT : 97 : DDT Test Case Passed
2024-08-07 21:09:11,941 : INFO : Test_OrangeHRM_Login_DDT : test_orangehrm_login_DDT : 103 : Closing the browser for DDT
2024-08-07 21:09:11,941 : INFO : Test_OrangeHRM_Login_DDT : test_orangehrm_login_DDT : 104 : Browser closed for DDT
2024-08-07 21:16:23,001 : CRITICAL : Test_OrangeHRM_Login_DDT : test_orangehrm_url_DDT : 21 : Test case is started
2024-08-07 21:16:23,001 : INFO : Test_OrangeHRM_Login_DDT : test_orangehrm_url_DDT : 24 : Opening browser
2024-08-07 21:16:34,291 : INFO : Test_OrangeHRM_Login_DDT : test_orangehrm_login_DDT : 62 : Taking the screenshot for DDT
2024-08-07 21:17:25,096 : INFO : Test_OrangeHRM_Login_DDT : test_orangehrm_login_DDT : 89 : Testcase_DDT is failed 
2024-08-07 21:17:27,097 : INFO : Test_OrangeHRM_Login_DDT : test_orangehrm_login_DDT : 91 : Taking the screenshot for DDT
2024-08-07 21:18:16,891 : INFO : Test_OrangeHRM_Login_DDT : test_orangehrm_login_DDT : 89 : Testcase_DDT is failed 
2024-08-07 21:18:18,892 : INFO : Test_OrangeHRM_Login_DDT : test_orangehrm_login_DDT : 91 : Taking the screenshot for DDT
2024-08-07 21:19:08,726 : INFO : Test_OrangeHRM_Login_DDT : test_orangehrm_login_DDT : 89 : Testcase_DDT is failed 
2024-08-07 21:19:10,728 : INFO : Test_OrangeHRM_Login_DDT : test_orangehrm_login_DDT : 91 : Taking the screenshot for DDT
2024-08-07 21:19:11,616 : INFO : Test_OrangeHRM_Login_DDT : test_orangehrm_login_DDT : 97 : DDT Test Case Passed
2024-08-07 21:19:11,616 : INFO : Test_OrangeHRM_Login_DDT : test_orangehrm_login_DDT : 103 : Closing the browser for DDT
2024-08-07 21:19:11,616 : INFO : Test_OrangeHRM_Login_DDT : test_orangehrm_login_DDT : 104 : Browser closed for DDT
2024-08-07 21:22:01,637 : CRITICAL : Test_OrangeHRM_Login_DDT : test_orangehrm_url_DDT : 21 : Test case is started
2024-08-07 21:22:01,637 : INFO : Test_OrangeHRM_Login_DDT : test_orangehrm_url_DDT : 24 : Opening browser
2024-08-07 21:22:12,757 : INFO : Test_OrangeHRM_Login_DDT : test_orangehrm_login_DDT : 62 : Taking the screenshot for DDT
2024-08-07 21:23:03,019 : INFO : Test_OrangeHRM_Login_DDT : test_orangehrm_login_DDT : 89 : Testcase_DDT is failed 
2024-08-07 21:23:05,020 : INFO : Test_OrangeHRM_Login_DDT : test_orangehrm_login_DDT : 91 : Taking the screenshot for DDT
2024-08-07 21:23:54,744 : INFO : Test_OrangeHRM_Login_DDT : test_orangehrm_login_DDT : 89 : Testcase_DDT is failed 
2024-08-07 21:23:56,745 : INFO : Test_OrangeHRM_Login_DDT : test_orangehrm_login_DDT : 91 : Taking the screenshot for DDT
2024-08-07 21:24:46,533 : INFO : Test_OrangeHRM_Login_DDT : test_orangehrm_login_DDT : 89 : Testcase_DDT is failed 
2024-08-07 21:24:48,533 : INFO : Test_OrangeHRM_Login_DDT : test_orangehrm_login_DDT : 91 : Taking the screenshot for DDT
2024-08-07 21:24:49,331 : INFO : Test_OrangeHRM_Login_DDT : test_orangehrm_login_DDT : 97 : DDT Test Case Passed
2024-08-07 21:24:49,331 : INFO : Test_OrangeHRM_Login_DDT : test_orangehrm_login_DDT : 103 : Closing the browser for DDT
2024-08-07 21:24:49,331 : INFO : Test_OrangeHRM_Login_DDT : test_orangehrm_login_DDT : 104 : Browser closed for DDT
2024-08-07 21:28:31,270 : CRITICAL : Test_OrangeHRM_Login_DDT : test_orangehrm_url_DDT : 21 : Test case is started
2024-08-07 21:28:31,271 : INFO : Test_OrangeHRM_Login_DDT : test_orangehrm_url_DDT : 24 : Opening browser
2024-08-07 21:28:43,788 : INFO : Test_OrangeHRM_Login_DDT : test_orangehrm_login_DDT : 62 : Taking the screenshot for DDT
2024-08-07 21:29:35,060 : INFO : Test_OrangeHRM_Login_DDT : test_orangehrm_login_DDT : 89 : Testcase_DDT is failed 
2024-08-07 21:29:37,061 : INFO : Test_OrangeHRM_Login_DDT : test_orangehrm_login_DDT : 91 : Taking the screenshot for DDT
2024-08-07 21:30:15,731 : INFO : Test_OrangeHRM_Login_DDT : test_orangehrm_login_DDT : 80 : Testcase_DDT is failed 
2024-08-07 21:30:17,732 : INFO : Test_OrangeHRM_Login_DDT : test_orangehrm_login_DDT : 83 : Taking the screenshot for DDT
2024-08-07 21:31:07,588 : INFO : Test_OrangeHRM_Login_DDT : test_orangehrm_login_DDT : 89 : Testcase_DDT is failed 
2024-08-07 21:31:09,590 : INFO : Test_OrangeHRM_Login_DDT : test_orangehrm_login_DDT : 91 : Taking the screenshot for DDT
2024-08-07 21:31:10,477 : INFO : Test_OrangeHRM_Login_DDT : test_orangehrm_login_DDT : 100 : DDT Test Case Failed
2024-08-07 21:32:58,873 : CRITICAL : Test_OrangeHRM_Login_DDT : test_orangehrm_url_DDT : 21 : Test case is started
2024-08-07 21:32:58,874 : INFO : Test_OrangeHRM_Login_DDT : test_orangehrm_url_DDT : 24 : Opening browser
2024-08-07 21:33:09,928 : INFO : Test_OrangeHRM_Login_DDT : test_orangehrm_login_DDT : 62 : Taking the screenshot for DDT
2024-08-07 22:17:11,905 : CRITICAL : Test_OrangeHRM_Login_DDT : test_orangehrm_url_DDT : 21 : Test case is started
2024-08-07 22:17:11,905 : INFO : Test_OrangeHRM_Login_DDT : test_orangehrm_url_DDT : 24 : Opening browser
2024-08-07 22:17:23,416 : INFO : Test_OrangeHRM_Login_DDT : test_orangehrm_login_DDT : 62 : Taking the screenshot for DDT
2024-08-07 22:18:13,358 : INFO : Test_OrangeHRM_Login_DDT : test_orangehrm_login_DDT : 93 : Testcase_DDT is failed 
2024-08-07 22:18:15,359 : INFO : Test_OrangeHRM_Login_DDT : test_orangehrm_login_DDT : 95 : Taking the screenshot for DDT
2024-08-07 22:26:25,470 : CRITICAL : Test_OrangeHRM_Login_DDT : test_orangehrm_url_DDT : 21 : Test case is started
2024-08-07 22:26:25,471 : INFO : Test_OrangeHRM_Login_DDT : test_orangehrm_url_DDT : 24 : Opening browser
2024-08-07 22:26:36,666 : INFO : Test_OrangeHRM_Login_DDT : test_orangehrm_login_DDT : 62 : Taking the screenshot for DDT
2024-08-07 22:27:32,672 : CRITICAL : Test_OrangeHRM_Login_DDT : test_orangehrm_url_DDT : 21 : Test case is started
2024-08-07 22:27:32,672 : INFO : Test_OrangeHRM_Login_DDT : test_orangehrm_url_DDT : 24 : Opening browser
2024-08-07 22:27:43,633 : INFO : Test_OrangeHRM_Login_DDT : test_orangehrm_login_DDT : 62 : Taking the screenshot for DDT
2024-08-07 22:33:55,516 : CRITICAL : Test_OrangeHRM_Login_DDT : test_orangehrm_url_DDT : 21 : Test case is started
2024-08-07 22:33:55,517 : INFO : Test_OrangeHRM_Login_DDT : test_orangehrm_url_DDT : 24 : Opening browser
2024-08-07 22:34:10,158 : INFO : Test_OrangeHRM_Login_DDT : test_orangehrm_login_DDT : 82 : Testcase_DDT is failed 
2024-08-07 22:34:12,159 : INFO : Test_OrangeHRM_Login_DDT : test_orangehrm_login_DDT : 85 : Taking the screenshot for DDT
2024-08-07 22:34:23,135 : INFO : Test_OrangeHRM_Login_DDT : test_orangehrm_login_DDT : 93 : Testcase_DDT is failed 
2024-08-07 22:34:25,135 : INFO : Test_OrangeHRM_Login_DDT : test_orangehrm_login_DDT : 95 : Taking the screenshot for DDT
2024-08-08 00:16:31,493 : CRITICAL : Test_OrangeHRM_Login_DDT : test_orangehrm_url_DDT : 21 : Test case is started
2024-08-08 00:16:31,493 : INFO : Test_OrangeHRM_Login_DDT : test_orangehrm_url_DDT : 24 : Opening browser
2024-08-08 00:16:44,536 : INFO : Test_OrangeHRM_Login_DDT : test_orangehrm_login_DDT : 82 : Testcase_DDT is failed 
2024-08-08 00:16:46,537 : INFO : Test_OrangeHRM_Login_DDT : test_orangehrm_login_DDT : 85 : Taking the screenshot for DDT
2024-08-08 00:16:56,727 : INFO : Test_OrangeHRM_Login_DDT : test_orangehrm_login_DDT : 93 : Testcase_DDT is failed 
2024-08-08 00:16:58,728 : INFO : Test_OrangeHRM_Login_DDT : test_orangehrm_login_DDT : 95 : Taking the screenshot for DDT
2024-08-08 00:18:37,384 : CRITICAL : Test_OrangeHRM_Login_DDT : test_orangehrm_url_DDT : 21 : Test case is started
2024-08-08 00:18:37,384 : INFO : Test_OrangeHRM_Login_DDT : test_orangehrm_url_DDT : 24 : Opening browser
2024-08-08 00:18:52,727 : INFO : Test_OrangeHRM_Login_DDT : test_orangehrm_login_DDT : 82 : Testcase_DDT is failed 
2024-08-08 00:18:54,728 : INFO : Test_OrangeHRM_Login_DDT : test_orangehrm_login_DDT : 85 : Taking the screenshot for DDT
2024-08-08 00:19:05,710 : INFO : Test_OrangeHRM_Login_DDT : test_orangehrm_login_DDT : 93 : Testcase_DDT is failed 
2024-08-08 00:19:07,710 : INFO : Test_OrangeHRM_Login_DDT : test_orangehrm_login_DDT : 95 : Taking the screenshot for DDT
2024-08-09 21:29:37,355 : CRITICAL : Test_OrangeHRM_Login_DDT : test_orangehrm_url_DDT : 21 : Test case is started
2024-08-09 21:29:37,367 : INFO : Test_OrangeHRM_Login_DDT : test_orangehrm_url_DDT : 24 : Opening browser
2024-08-09 21:29:50,784 : INFO : Test_OrangeHRM_Login_DDT : test_orangehrm_login_DDT : 82 : Testcase_DDT is failed 
2024-08-09 21:29:52,785 : INFO : Test_OrangeHRM_Login_DDT : test_orangehrm_login_DDT : 85 : Taking the screenshot for DDT
2024-08-09 21:30:03,380 : INFO : Test_OrangeHRM_Login_DDT : test_orangehrm_login_DDT : 93 : Testcase_DDT is failed 
2024-08-09 21:30:05,381 : INFO : Test_OrangeHRM_Login_DDT : test_orangehrm_login_DDT : 95 : Taking the screenshot for DDT
2024-08-09 21:53:14,705 : CRITICAL : Test_OrangeHRM_Login_DDT : test_orangehrm_url_DDT : 21 : Test case is started
2024-08-09 21:53:14,705 : INFO : Test_OrangeHRM_Login_DDT : test_orangehrm_url_DDT : 24 : Opening browser
2024-08-09 21:53:28,370 : INFO : Test_OrangeHRM_Login_DDT : test_orangehrm_login_DDT : 80 : Testcase_DDT is failed 
2024-08-09 21:53:30,371 : INFO : Test_OrangeHRM_Login_DDT : test_orangehrm_login_DDT : 83 : Taking the screenshot for DDT
2024-08-09 21:54:10,573 : CRITICAL : Test_OrangeHRM_Login_DDT : test_orangehrm_url_DDT : 21 : Test case is started
2024-08-09 21:54:10,573 : INFO : Test_OrangeHRM_Login_DDT : test_orangehrm_url_DDT : 24 : Opening browser
2024-08-09 21:54:23,885 : INFO : Test_OrangeHRM_Login_DDT : test_orangehrm_login_DDT : 80 : Testcase_DDT is failed 
2024-08-09 21:54:25,885 : INFO : Test_OrangeHRM_Login_DDT : test_orangehrm_login_DDT : 83 : Taking the screenshot for DDT
2024-08-09 21:59:53,480 : CRITICAL : Test_OrangeHRM_Login_DDT : test_orangehrm_url_DDT : 21 : Test case is started
2024-08-09 21:59:53,480 : INFO : Test_OrangeHRM_Login_DDT : test_orangehrm_url_DDT : 24 : Opening browser
2024-08-09 22:00:08,178 : INFO : Test_OrangeHRM_Login_DDT : test_orangehrm_login_DDT : 80 : Testcase_DDT is failed 
2024-08-09 22:00:10,179 : INFO : Test_OrangeHRM_Login_DDT : test_orangehrm_login_DDT : 83 : Taking the screenshot for DDT
2024-08-09 22:02:41,067 : CRITICAL : Test_OrangeHRM_Login_DDT : test_orangehrm_url_DDT : 21 : Test case is started
2024-08-09 22:02:41,067 : INFO : Test_OrangeHRM_Login_DDT : test_orangehrm_url_DDT : 24 : Opening browser
2024-08-09 22:02:59,227 : INFO : Test_OrangeHRM_Login_DDT : test_orangehrm_login_DDT : 80 : Testcase_DDT is failed 
2024-08-09 22:03:01,228 : INFO : Test_OrangeHRM_Login_DDT : test_orangehrm_login_DDT : 83 : Taking the screenshot for DDT
2024-08-09 22:05:53,978 : CRITICAL : Test_OrangeHRM_Login_DDT : test_orangehrm_url_DDT : 21 : Test case is started
2024-08-09 22:05:53,979 : INFO : Test_OrangeHRM_Login_DDT : test_orangehrm_url_DDT : 24 : Opening browser
2024-08-09 22:06:13,832 : INFO : Test_OrangeHRM_Login_DDT : test_orangehrm_login_DDT : 80 : Testcase_DDT is failed 
2024-08-09 22:06:15,833 : INFO : Test_OrangeHRM_Login_DDT : test_orangehrm_login_DDT : 83 : Taking the screenshot for DDT
2024-08-09 22:09:36,056 : CRITICAL : Test_OrangeHRM_Login_DDT : test_orangehrm_url_DDT : 21 : Test case is started
2024-08-09 22:09:36,057 : INFO : Test_OrangeHRM_Login_DDT : test_orangehrm_url_DDT : 24 : Opening browser
2024-08-09 22:09:53,884 : INFO : Test_OrangeHRM_Login_DDT : test_orangehrm_login_DDT : 80 : Testcase_DDT is failed 
2024-08-09 22:09:55,886 : INFO : Test_OrangeHRM_Login_DDT : test_orangehrm_login_DDT : 83 : Taking the screenshot for DDT
2024-08-09 22:11:55,124 : CRITICAL : Test_OrangeHRM_Login_DDT : test_orangehrm_url_DDT : 21 : Test case is started
2024-08-09 22:11:55,125 : INFO : Test_OrangeHRM_Login_DDT : test_orangehrm_url_DDT : 24 : Opening browser
2024-08-09 22:12:15,217 : INFO : Test_OrangeHRM_Login_DDT : test_orangehrm_login_DDT : 62 : Taking the screenshot for DDT
2024-08-09 22:13:08,328 : INFO : Test_OrangeHRM_Login_DDT : test_orangehrm_login_DDT : 89 : Testcase_DDT is failed 
2024-08-09 22:13:10,329 : INFO : Test_OrangeHRM_Login_DDT : test_orangehrm_login_DDT : 91 : Taking the screenshot for DDT
2024-08-09 22:14:00,526 : INFO : Test_OrangeHRM_Login_DDT : test_orangehrm_login_DDT : 89 : Testcase_DDT is failed 
2024-08-09 22:14:02,527 : INFO : Test_OrangeHRM_Login_DDT : test_orangehrm_login_DDT : 91 : Taking the screenshot for DDT
2024-08-09 22:14:52,339 : INFO : Test_OrangeHRM_Login_DDT : test_orangehrm_login_DDT : 89 : Testcase_DDT is failed 
2024-08-09 22:14:54,340 : INFO : Test_OrangeHRM_Login_DDT : test_orangehrm_login_DDT : 91 : Taking the screenshot for DDT
2024-08-09 22:14:54,542 : INFO : Test_OrangeHRM_Login_DDT : test_orangehrm_login_DDT : 97 : DDT Test Case Passed
2024-08-09 22:14:54,542 : INFO : Test_OrangeHRM_Login_DDT : test_orangehrm_login_DDT : 103 : Closing the browser for DDT
2024-08-09 22:14:54,542 : INFO : Test_OrangeHRM_Login_DDT : test_orangehrm_login_DDT : 104 : Browser closed for DDT
2024-08-09 22:16:33,576 : CRITICAL : Test_OrangeHRM_Login_DDT : test_orangehrm_url_DDT : 21 : Test case is started
2024-08-09 22:16:33,576 : INFO : Test_OrangeHRM_Login_DDT : test_orangehrm_url_DDT : 24 : Opening browser
2024-08-09 22:16:49,848 : INFO : Test_OrangeHRM_Login_DDT : test_orangehrm_login_DDT : 62 : Taking the screenshot for DDT
2024-08-09 22:17:42,827 : INFO : Test_OrangeHRM_Login_DDT : test_orangehrm_login_DDT : 91 : Testcase_DDT is failed 
2024-08-09 22:17:44,828 : INFO : Test_OrangeHRM_Login_DDT : test_orangehrm_login_DDT : 93 : Taking the screenshot for DDT
2024-08-09 22:17:45,378 : INFO : Test_OrangeHRM_Login_DDT : test_orangehrm_login_DDT : 100 : DDT Test Case Passed
2024-08-09 22:17:45,378 : INFO : Test_OrangeHRM_Login_DDT : test_orangehrm_login_DDT : 106 : Closing the browser for DDT
2024-08-09 22:17:45,378 : INFO : Test_OrangeHRM_Login_DDT : test_orangehrm_login_DDT : 107 : Browser closed for DDT
2024-08-09 22:22:39,805 : CRITICAL : Test_OrangeHRM_Login_DDT : test_orangehrm_url_DDT : 21 : Test case is started
2024-08-09 22:22:39,805 : INFO : Test_OrangeHRM_Login_DDT : test_orangehrm_url_DDT : 24 : Opening browser
2024-08-09 22:22:59,392 : INFO : Test_OrangeHRM_Login_DDT : test_orangehrm_login_DDT : 62 : Taking the screenshot for DDT
2024-08-09 22:23:53,908 : INFO : Test_OrangeHRM_Login_DDT : test_orangehrm_login_DDT : 89 : Testcase_DDT is failed 
2024-08-09 22:23:55,909 : INFO : Test_OrangeHRM_Login_DDT : test_orangehrm_login_DDT : 91 : Taking the screenshot for DDT
2024-08-09 22:24:23,320 : INFO : Test_OrangeHRM_Login_DDT : test_orangehrm_login_DDT : 89 : Testcase_DDT is failed 
2024-08-09 22:24:25,320 : INFO : Test_OrangeHRM_Login_DDT : test_orangehrm_login_DDT : 91 : Taking the screenshot for DDT
2024-08-09 22:25:00,208 : CRITICAL : Test_OrangeHRM_Login_DDT : test_orangehrm_url_DDT : 21 : Test case is started
2024-08-09 22:25:00,208 : INFO : Test_OrangeHRM_Login_DDT : test_orangehrm_url_DDT : 24 : Opening browser
2024-08-09 22:25:18,155 : INFO : Test_OrangeHRM_Login_DDT : test_orangehrm_login_DDT : 62 : Taking the screenshot for DDT
2024-08-09 22:26:12,770 : INFO : Test_OrangeHRM_Login_DDT : test_orangehrm_login_DDT : 93 : Testcase_DDT is failed 
2024-08-09 22:26:14,772 : INFO : Test_OrangeHRM_Login_DDT : test_orangehrm_login_DDT : 95 : Taking the screenshot for DDT
2024-08-09 22:30:47,534 : CRITICAL : Test_OrangeHRM_Login_DDT : test_orangehrm_url_DDT : 21 : Test case is started
2024-08-09 22:30:47,534 : INFO : Test_OrangeHRM_Login_DDT : test_orangehrm_url_DDT : 24 : Opening browser
2024-08-09 22:31:05,343 : INFO : Test_OrangeHRM_Login_DDT : test_orangehrm_login_DDT : 62 : Taking the screenshot for DDT
2024-08-09 22:31:47,904 : INFO : Test_OrangeHRM_Login_DDT : test_orangehrm_login_DDT : 82 : Testcase_DDT is failed 
2024-08-09 22:31:49,905 : INFO : Test_OrangeHRM_Login_DDT : test_orangehrm_login_DDT : 85 : Taking the screenshot for DDT
2024-08-09 22:35:38,826 : CRITICAL : Test_OrangeHRM_Login_DDT : test_orangehrm_url_DDT : 21 : Test case is started
2024-08-09 22:35:38,826 : INFO : Test_OrangeHRM_Login_DDT : test_orangehrm_url_DDT : 24 : Opening browser
2024-08-09 22:35:56,759 : INFO : Test_OrangeHRM_Login_DDT : test_orangehrm_login_DDT : 62 : Taking the screenshot for DDT
2024-08-09 22:36:39,311 : INFO : Test_OrangeHRM_Login_DDT : test_orangehrm_login_DDT : 80 : Testcase_DDT is failed 
2024-08-09 22:36:39,311 : INFO : Test_OrangeHRM_Login_DDT : test_orangehrm_login_DDT : 81 : Taking the screenshot for DDT
2024-08-09 22:41:36,303 : CRITICAL : Test_OrangeHRM_Login_DDT : test_orangehrm_url_DDT : 21 : Test case is started
2024-08-09 22:41:36,303 : INFO : Test_OrangeHRM_Login_DDT : test_orangehrm_url_DDT : 24 : Opening browser
2024-08-09 22:41:54,538 : INFO : Test_OrangeHRM_Login_DDT : test_orangehrm_login_DDT : 60 : Taking the screenshot for DDT
2024-08-09 22:42:49,525 : INFO : Test_OrangeHRM_Login_DDT : test_orangehrm_login_DDT : 87 : Testcase_DDT is failed 
2024-08-09 22:42:49,525 : INFO : Test_OrangeHRM_Login_DDT : test_orangehrm_login_DDT : 88 : Taking the screenshot for DDT
2024-08-09 22:44:05,867 : CRITICAL : Test_OrangeHRM_Login_DDT : test_orangehrm_url_DDT : 21 : Test case is started
2024-08-09 22:44:05,867 : INFO : Test_OrangeHRM_Login_DDT : test_orangehrm_url_DDT : 24 : Opening browser
2024-08-09 22:44:24,475 : INFO : Test_OrangeHRM_Login_DDT : test_orangehrm_login_DDT : 60 : Taking the screenshot for DDT
2024-08-09 22:45:19,337 : INFO : Test_OrangeHRM_Login_DDT : test_orangehrm_login_DDT : 89 : Testcase_DDT is failed 
2024-08-09 22:45:19,337 : INFO : Test_OrangeHRM_Login_DDT : test_orangehrm_login_DDT : 90 : Taking the screenshot for DDT
2024-08-10 11:48:41,728 : CRITICAL : Test_OrangeHRM_Login_DDT : test_orangehrm_url_DDT : 21 : Test case is started
2024-08-10 11:48:41,728 : INFO : Test_OrangeHRM_Login_DDT : test_orangehrm_url_DDT : 24 : Opening browser
2024-08-10 11:49:00,363 : INFO : Test_OrangeHRM_Login_DDT : test_orangehrm_login_DDT : 60 : Taking the screenshot for DDT
2024-08-10 11:49:55,187 : INFO : Test_OrangeHRM_Login_DDT : test_orangehrm_login_DDT : 90 : Testcase_DDT is failed 
2024-08-10 11:49:55,187 : INFO : Test_OrangeHRM_Login_DDT : test_orangehrm_login_DDT : 91 : Taking the screenshot for DDT
2024-08-10 11:51:16,421 : CRITICAL : Test_OrangeHRM_Login_DDT : test_orangehrm_url_DDT : 21 : Test case is started
2024-08-10 11:51:16,421 : INFO : Test_OrangeHRM_Login_DDT : test_orangehrm_url_DDT : 24 : Opening browser
2024-08-10 11:51:34,327 : INFO : Test_OrangeHRM_Login_DDT : test_orangehrm_login_DDT : 60 : Taking the screenshot for DDT
2024-08-10 11:52:29,122 : INFO : Test_OrangeHRM_Login_DDT : test_orangehrm_login_DDT : 92 : Testcase_DDT is failed 
2024-08-10 11:52:29,122 : INFO : Test_OrangeHRM_Login_DDT : test_orangehrm_login_DDT : 93 : Taking the screenshot for DDT
2024-08-10 12:53:39,223 : CRITICAL : Test_OrangeHRM_Login_DDT : test_orangehrm_url_DDT : 21 : Test case is started
2024-08-10 12:53:39,224 : INFO : Test_OrangeHRM_Login_DDT : test_orangehrm_url_DDT : 24 : Opening browser
2024-08-10 14:55:23,093 : CRITICAL : Test_OrangeHRM_Login_DDT : test_orangehrm_url_DDT : 21 : Test case is started
2024-08-10 14:55:23,180 : INFO : Test_OrangeHRM_Login_DDT : test_orangehrm_url_DDT : 24 : Opening browser
2024-08-10 14:56:49,407 : CRITICAL : Test_OrangeHRM_Login_DDT : test_orangehrm_url_DDT : 21 : Test case is started
2024-08-10 14:56:49,407 : INFO : Test_OrangeHRM_Login_DDT : test_orangehrm_url_DDT : 24 : Opening browser
2024-08-10 14:57:25,317 : CRITICAL : Test_OrangeHRM_Login_DDT : test_orangehrm_url_DDT : 21 : Test case is started
2024-08-10 14:57:25,317 : INFO : Test_OrangeHRM_Login_DDT : test_orangehrm_url_DDT : 24 : Opening browser
2024-08-10 14:58:15,499 : CRITICAL : Test_OrangeHRM_Login_DDT : test_orangehrm_url_DDT : 21 : Test case is started
2024-08-10 14:58:15,499 : INFO : Test_OrangeHRM_Login_DDT : test_orangehrm_url_DDT : 24 : Opening browser
2024-08-10 14:59:25,898 : CRITICAL : Test_OrangeHRM_Login_DDT : test_orangehrm_url_DDT : 21 : Test case is started
2024-08-10 14:59:25,898 : INFO : Test_OrangeHRM_Login_DDT : test_orangehrm_url_DDT : 24 : Opening browser
2024-08-10 14:59:40,887 : INFO : Test_OrangeHRM_Login_DDT : test_orangehrm_login_DDT : 61 : Taking the screenshot for DDT
2024-08-10 15:00:40,282 : INFO : Test_OrangeHRM_Login_DDT : test_orangehrm_login_DDT : 93 : Testcase_DDT is failed 
2024-08-10 15:00:40,282 : INFO : Test_OrangeHRM_Login_DDT : test_orangehrm_login_DDT : 94 : Taking the screenshot for DDT
2024-08-10 15:30:28,934 : CRITICAL : Test_OrangeHRM_Login_DDT : test_orangehrm_url_DDT : 21 : Test case is started
2024-08-10 15:30:28,934 : INFO : Test_OrangeHRM_Login_DDT : test_orangehrm_url_DDT : 24 : Opening browser
2024-08-10 15:30:45,609 : INFO : Test_OrangeHRM_Login_DDT : test_orangehrm_login_DDT : 61 : Taking the screenshot for DDT
2024-08-10 15:33:35,640 : INFO : Test_OrangeHRM_Login_DDT : test_orangehrm_login_DDT : 104 : DDT Test Case Passed
2024-08-10 15:33:35,640 : INFO : Test_OrangeHRM_Login_DDT : test_orangehrm_login_DDT : 110 : Closing the browser for DDT
2024-08-10 15:33:35,640 : INFO : Test_OrangeHRM_Login_DDT : test_orangehrm_login_DDT : 111 : Browser closed for DDT
2024-08-10 15:37:46,567 : CRITICAL : Test_OrangeHRM_Login_DDT : test_orangehrm_url_DDT : 21 : Test case is started
2024-08-10 15:37:46,568 : INFO : Test_OrangeHRM_Login_DDT : test_orangehrm_url_DDT : 24 : Opening browser
2024-08-10 15:47:25,456 : CRITICAL : Test_OrangeHRM_Login_DDT : test_orangehrm_url_DDT : 21 : Test case is started
2024-08-10 15:47:25,457 : INFO : Test_OrangeHRM_Login_DDT : test_orangehrm_url_DDT : 24 : Opening browser
2024-08-10 15:47:31,862 : INFO : Test_OrangeHRM_Login_DDT : test_orangehrm_login_DDT : 104 : DDT Test Case Passed
2024-08-10 15:47:31,862 : INFO : Test_OrangeHRM_Login_DDT : test_orangehrm_login_DDT : 110 : Closing the browser for DDT
2024-08-10 15:47:31,862 : INFO : Test_OrangeHRM_Login_DDT : test_orangehrm_login_DDT : 111 : Browser closed for DDT
2024-08-10 15:47:57,011 : CRITICAL : Test_OrangeHRM_Login_DDT : test_orangehrm_url_DDT : 21 : Test case is started
2024-08-10 15:47:57,011 : INFO : Test_OrangeHRM_Login_DDT : test_orangehrm_url_DDT : 24 : Opening browser
2024-08-10 15:48:03,697 : INFO : Test_OrangeHRM_Login_DDT : test_orangehrm_login_DDT : 104 : DDT Test Case Passed
2024-08-10 15:48:03,697 : INFO : Test_OrangeHRM_Login_DDT : test_orangehrm_login_DDT : 110 : Closing the browser for DDT
2024-08-10 15:48:03,697 : INFO : Test_OrangeHRM_Login_DDT : test_orangehrm_login_DDT : 111 : Browser closed for DDT
2024-08-10 19:58:05,952 : CRITICAL : Test_OrangeHRM_Login_DDT : test_orangehrm_url_DDT : 21 : Test case is started
2024-08-10 19:58:05,952 : INFO : Test_OrangeHRM_Login_DDT : test_orangehrm_url_DDT : 24 : Opening browser
2024-08-10 19:58:51,420 : CRITICAL : Test_OrangeHRM_Login_DDT : test_orangehrm_url_DDT : 21 : Test case is started
2024-08-10 19:58:51,420 : INFO : Test_OrangeHRM_Login_DDT : test_orangehrm_url_DDT : 24 : Opening browser
2024-08-10 20:00:05,271 : CRITICAL : Test_OrangeHRM_Login_DDT : test_orangehrm_url_DDT : 21 : Test case is started
2024-08-10 20:00:05,271 : INFO : Test_OrangeHRM_Login_DDT : test_orangehrm_url_DDT : 24 : Opening browser
2024-08-10 20:01:46,361 : CRITICAL : Test_OrangeHRM_Login_DDT : test_orangehrm_url_DDT : 21 : Test case is started
2024-08-10 20:01:46,361 : INFO : Test_OrangeHRM_Login_DDT : test_orangehrm_url_DDT : 24 : Opening browser
2024-08-10 20:02:08,569 : INFO : Test_OrangeHRM_Login_DDT : test_orangehrm_login_DDT : 61 : Taking the screenshot for DDT
2024-08-10 20:03:10,019 : INFO : Test_OrangeHRM_Login_DDT : test_orangehrm_login_DDT : 104 : DDT Test Case Passed
2024-08-10 20:03:10,019 : INFO : Test_OrangeHRM_Login_DDT : test_orangehrm_login_DDT : 110 : Closing the browser for DDT
2024-08-10 20:03:10,019 : INFO : Test_OrangeHRM_Login_DDT : test_orangehrm_login_DDT : 111 : Browser closed for DDT
2024-08-10 20:10:55,605 : CRITICAL : Test_OrangeHRM_Login_DDT : test_orangehrm_url_DDT : 21 : Test case is started
2024-08-10 20:10:55,605 : INFO : Test_OrangeHRM_Login_DDT : test_orangehrm_url_DDT : 24 : Opening browser
2024-08-10 20:11:13,505 : INFO : Test_OrangeHRM_Login_DDT : test_orangehrm_login_DDT : 61 : Taking the screenshot for DDT
2024-08-10 20:12:40,579 : INFO : Test_OrangeHRM_Login_DDT : test_orangehrm_login_DDT : 104 : DDT Test Case Passed
2024-08-10 20:12:40,579 : INFO : Test_OrangeHRM_Login_DDT : test_orangehrm_login_DDT : 110 : Closing the browser for DDT
2024-08-10 20:12:40,579 : INFO : Test_OrangeHRM_Login_DDT : test_orangehrm_login_DDT : 111 : Browser closed for DDT
2024-08-10 20:17:05,731 : CRITICAL : Test_OrangeHRM_Login_DDT : test_orangehrm_url_DDT : 21 : Test case is started
2024-08-10 20:17:05,732 : INFO : Test_OrangeHRM_Login_DDT : test_orangehrm_url_DDT : 24 : Opening browser
2024-08-10 20:17:23,528 : INFO : Test_OrangeHRM_Login_DDT : test_orangehrm_login_DDT : 61 : Taking the screenshot for DDT
2024-08-10 20:19:26,975 : INFO : Test_OrangeHRM_Login_DDT : test_orangehrm_login_DDT : 104 : DDT Test Case Passed
2024-08-10 20:19:26,975 : INFO : Test_OrangeHRM_Login_DDT : test_orangehrm_login_DDT : 110 : Closing the browser for DDT
2024-08-10 20:19:26,975 : INFO : Test_OrangeHRM_Login_DDT : test_orangehrm_login_DDT : 111 : Browser closed for DDT
2024-08-10 20:19:55,983 : CRITICAL : Test_OrangeHRM_Login_DDT : test_orangehrm_url_DDT : 21 : Test case is started
2024-08-10 20:19:55,983 : INFO : Test_OrangeHRM_Login_DDT : test_orangehrm_url_DDT : 24 : Opening browser
2024-08-10 20:20:14,235 : INFO : Test_OrangeHRM_Login_DDT : test_orangehrm_login_DDT : 61 : Taking the screenshot for DDT
2024-08-10 20:22:53,462 : INFO : Test_OrangeHRM_Login_DDT : test_orangehrm_login_DDT : 104 : DDT Test Case Passed
2024-08-10 20:22:53,462 : INFO : Test_OrangeHRM_Login_DDT : test_orangehrm_login_DDT : 110 : Closing the browser for DDT
2024-08-10 20:22:53,462 : INFO : Test_OrangeHRM_Login_DDT : test_orangehrm_login_DDT : 111 : Browser closed for DDT
2024-08-10 20:25:27,693 : CRITICAL : Test_OrangeHRM_Login_DDT : test_orangehrm_url_DDT : 21 : Test case is started
2024-08-10 20:25:27,693 : INFO : Test_OrangeHRM_Login_DDT : test_orangehrm_url_DDT : 24 : Opening browser
2024-08-10 20:25:44,919 : INFO : Test_OrangeHRM_Login_DDT : test_orangehrm_login_DDT : 61 : Taking the screenshot for DDT
2024-08-10 20:31:04,632 : INFO : Test_OrangeHRM_Login_DDT : test_orangehrm_login_DDT : 61 : Taking the screenshot for DDT
2024-08-10 20:31:07,181 : INFO : Test_OrangeHRM_Login_DDT : test_orangehrm_login_DDT : 104 : DDT Test Case Passed
2024-08-10 20:31:07,182 : INFO : Test_OrangeHRM_Login_DDT : test_orangehrm_login_DDT : 110 : Closing the browser for DDT
2024-08-10 20:31:07,182 : INFO : Test_OrangeHRM_Login_DDT : test_orangehrm_login_DDT : 111 : Browser closed for DDT
2024-08-10 20:31:44,019 : CRITICAL : Test_OrangeHRM_Login_DDT : test_orangehrm_url_DDT : 21 : Test case is started
2024-08-10 20:31:44,019 : INFO : Test_OrangeHRM_Login_DDT : test_orangehrm_url_DDT : 24 : Opening browser
2024-08-10 20:32:01,739 : INFO : Test_OrangeHRM_Login_DDT : test_orangehrm_login_DDT : 61 : Taking the screenshot for DDT
2024-08-10 20:32:56,444 : INFO : Test_OrangeHRM_Login_DDT : test_orangehrm_login_DDT : 93 : Testcase_DDT is failed 
2024-08-10 20:32:56,444 : INFO : Test_OrangeHRM_Login_DDT : test_orangehrm_login_DDT : 94 : Taking the screenshot for DDT
2024-08-10 20:37:39,801 : CRITICAL : Test_OrangeHRM_Login_DDT : test_orangehrm_url_DDT : 21 : Test case is started
2024-08-10 20:37:39,801 : INFO : Test_OrangeHRM_Login_DDT : test_orangehrm_url_DDT : 24 : Opening browser
2024-08-10 20:37:57,842 : INFO : Test_OrangeHRM_Login_DDT : test_orangehrm_login_DDT : 61 : Taking the screenshot for DDT
2024-08-10 20:38:52,366 : INFO : Test_OrangeHRM_Login_DDT : test_orangehrm_login_DDT : 93 : Testcase_DDT is failed 
2024-08-10 20:38:52,366 : INFO : Test_OrangeHRM_Login_DDT : test_orangehrm_login_DDT : 94 : Taking the screenshot for DDT
2024-08-10 20:39:47,314 : INFO : Test_OrangeHRM_Login_DDT : test_orangehrm_login_DDT : 93 : Testcase_DDT is failed 
2024-08-10 20:39:47,314 : INFO : Test_OrangeHRM_Login_DDT : test_orangehrm_login_DDT : 94 : Taking the screenshot for DDT
2024-08-10 20:40:41,908 : INFO : Test_OrangeHRM_Login_DDT : test_orangehrm_login_DDT : 93 : Testcase_DDT is failed 
2024-08-10 20:40:41,908 : INFO : Test_OrangeHRM_Login_DDT : test_orangehrm_login_DDT : 94 : Taking the screenshot for DDT
2024-08-10 20:42:21,130 : CRITICAL : Test_OrangeHRM_Login_DDT : test_orangehrm_url_DDT : 21 : Test case is started
2024-08-10 20:42:21,130 : INFO : Test_OrangeHRM_Login_DDT : test_orangehrm_url_DDT : 24 : Opening browser
2024-08-10 20:42:38,855 : INFO : Test_OrangeHRM_Login_DDT : test_orangehrm_login_DDT : 61 : Taking the screenshot for DDT
2024-08-10 20:43:33,283 : INFO : Test_OrangeHRM_Login_DDT : test_orangehrm_login_DDT : 93 : Testcase_DDT is failed 
2024-08-10 20:43:33,283 : INFO : Test_OrangeHRM_Login_DDT : test_orangehrm_login_DDT : 94 : Taking the screenshot for DDT
2024-08-10 20:44:27,487 : INFO : Test_OrangeHRM_Login_DDT : test_orangehrm_login_DDT : 93 : Testcase_DDT is failed 
2024-08-10 20:44:27,487 : INFO : Test_OrangeHRM_Login_DDT : test_orangehrm_login_DDT : 94 : Taking the screenshot for DDT
2024-08-10 20:45:21,744 : INFO : Test_OrangeHRM_Login_DDT : test_orangehrm_login_DDT : 93 : Testcase_DDT is failed 
2024-08-10 20:45:21,744 : INFO : Test_OrangeHRM_Login_DDT : test_orangehrm_login_DDT : 94 : Taking the screenshot for DDT
2024-08-10 20:47:24,936 : CRITICAL : Test_OrangeHRM_Login_DDT : test_orangehrm_url_DDT : 21 : Test case is started
2024-08-10 20:47:24,937 : INFO : Test_OrangeHRM_Login_DDT : test_orangehrm_url_DDT : 24 : Opening browser
2024-08-10 20:47:38,047 : INFO : Test_OrangeHRM_Login_DDT : test_orangehrm_login_DDT : 61 : Taking the screenshot for DDT
2024-08-10 20:49:02,649 : CRITICAL : Test_OrangeHRM_Login_DDT : test_orangehrm_url_DDT : 21 : Test case is started
2024-08-10 20:49:02,649 : INFO : Test_OrangeHRM_Login_DDT : test_orangehrm_url_DDT : 24 : Opening browser
2024-08-10 20:49:16,634 : INFO : Test_OrangeHRM_Login_DDT : test_orangehrm_login_DDT : 61 : Taking the screenshot for DDT
2024-08-10 20:50:11,112 : INFO : Test_OrangeHRM_Login_DDT : test_orangehrm_login_DDT : 93 : Testcase_DDT is failed 
2024-08-10 20:50:11,112 : INFO : Test_OrangeHRM_Login_DDT : test_orangehrm_login_DDT : 94 : Taking the screenshot for DDT
2024-08-10 20:51:05,271 : INFO : Test_OrangeHRM_Login_DDT : test_orangehrm_login_DDT : 93 : Testcase_DDT is failed 
2024-08-10 20:51:05,271 : INFO : Test_OrangeHRM_Login_DDT : test_orangehrm_login_DDT : 94 : Taking the screenshot for DDT
2024-08-10 20:51:59,145 : INFO : Test_OrangeHRM_Login_DDT : test_orangehrm_login_DDT : 93 : Testcase_DDT is failed 
2024-08-10 20:51:59,145 : INFO : Test_OrangeHRM_Login_DDT : test_orangehrm_login_DDT : 94 : Taking the screenshot for DDT
2024-08-10 20:56:58,130 : CRITICAL : Test_OrangeHRM_Login_DDT : test_orangehrm_url_DDT : 21 : Test case is started
2024-08-10 20:56:58,130 : INFO : Test_OrangeHRM_Login_DDT : test_orangehrm_url_DDT : 24 : Opening browser
2024-08-10 20:57:11,939 : INFO : Test_OrangeHRM_Login_DDT : test_orangehrm_login_DDT : 61 : Taking the screenshot for DDT
2024-08-10 20:58:18,759 : CRITICAL : Test_OrangeHRM_Login_DDT : test_orangehrm_url_DDT : 21 : Test case is started
2024-08-10 20:58:18,759 : INFO : Test_OrangeHRM_Login_DDT : test_orangehrm_url_DDT : 24 : Opening browser
2024-08-10 20:58:31,938 : INFO : Test_OrangeHRM_Login_DDT : test_orangehrm_login_DDT : 61 : Taking the screenshot for DDT
2024-08-10 20:58:51,824 : CRITICAL : Test_OrangeHRM_Login_DDT : test_orangehrm_url_DDT : 21 : Test case is started
2024-08-10 20:58:51,825 : INFO : Test_OrangeHRM_Login_DDT : test_orangehrm_url_DDT : 24 : Opening browser
2024-08-10 20:59:05,711 : INFO : Test_OrangeHRM_Login_DDT : test_orangehrm_login_DDT : 61 : Taking the screenshot for DDT
2024-08-10 21:01:21,244 : CRITICAL : Test_OrangeHRM_Login_DDT : test_orangehrm_url_DDT : 21 : Test case is started
2024-08-10 21:01:21,244 : INFO : Test_OrangeHRM_Login_DDT : test_orangehrm_url_DDT : 24 : Opening browser
2024-08-10 21:01:34,066 : INFO : Test_OrangeHRM_Login_DDT : test_orangehrm_login_DDT : 61 : Taking the screenshot for DDT
2024-08-10 21:02:27,358 : INFO : Test_OrangeHRM_Login_DDT : test_orangehrm_login_DDT : 93 : Testcase_DDT is failed 
2024-08-10 21:02:27,358 : INFO : Test_OrangeHRM_Login_DDT : test_orangehrm_login_DDT : 94 : Taking the screenshot for DDT
2024-08-10 21:03:20,956 : INFO : Test_OrangeHRM_Login_DDT : test_orangehrm_login_DDT : 93 : Testcase_DDT is failed 
2024-08-10 21:03:20,956 : INFO : Test_OrangeHRM_Login_DDT : test_orangehrm_login_DDT : 94 : Taking the screenshot for DDT
2024-08-10 21:04:14,561 : INFO : Test_OrangeHRM_Login_DDT : test_orangehrm_login_DDT : 93 : Testcase_DDT is failed 
2024-08-10 21:04:14,561 : INFO : Test_OrangeHRM_Login_DDT : test_orangehrm_login_DDT : 94 : Taking the screenshot for DDT
2024-08-10 21:04:16,617 : INFO : Test_OrangeHRM_Login_DDT : test_orangehrm_login_DDT : 102 : DDT Test Case Passed
2024-08-10 21:04:16,617 : INFO : Test_OrangeHRM_Login_DDT : test_orangehrm_login_DDT : 108 : Closing the browser for DDT
2024-08-10 21:04:16,617 : INFO : Test_OrangeHRM_Login_DDT : test_orangehrm_login_DDT : 109 : Browser closed for DDT
2024-08-10 21:08:30,130 : CRITICAL : Test_OrangeHRM_Login_DDT : test_orangehrm_url_DDT : 21 : Test case is started
2024-08-10 21:08:30,131 : INFO : Test_OrangeHRM_Login_DDT : test_orangehrm_url_DDT : 24 : Opening browser
2024-08-10 21:08:43,014 : INFO : Test_OrangeHRM_Login_DDT : test_orangehrm_login_DDT : 62 : Taking the screenshot for DDT
2024-08-10 21:09:36,864 : INFO : Test_OrangeHRM_Login_DDT : test_orangehrm_login_DDT : 93 : Testcase_DDT is failed 
2024-08-10 21:09:36,864 : INFO : Test_OrangeHRM_Login_DDT : test_orangehrm_login_DDT : 94 : Taking the screenshot for DDT
2024-08-10 21:10:30,963 : INFO : Test_OrangeHRM_Login_DDT : test_orangehrm_login_DDT : 93 : Testcase_DDT is failed 
2024-08-10 21:10:30,963 : INFO : Test_OrangeHRM_Login_DDT : test_orangehrm_login_DDT : 94 : Taking the screenshot for DDT
2024-08-10 21:11:25,078 : INFO : Test_OrangeHRM_Login_DDT : test_orangehrm_login_DDT : 93 : Testcase_DDT is failed 
2024-08-10 21:11:25,078 : INFO : Test_OrangeHRM_Login_DDT : test_orangehrm_login_DDT : 94 : Taking the screenshot for DDT
2024-08-10 21:11:27,134 : INFO : Test_OrangeHRM_Login_DDT : test_orangehrm_login_DDT : 102 : DDT Test Case Passed
2024-08-10 21:11:27,134 : INFO : Test_OrangeHRM_Login_DDT : test_orangehrm_login_DDT : 108 : Closing the browser for DDT
2024-08-10 21:11:27,134 : INFO : Test_OrangeHRM_Login_DDT : test_orangehrm_login_DDT : 109 : Browser closed for DDT
2024-08-10 22:12:44,209 : CRITICAL : Test_OrangeHRM_Login_DDT : test_orangehrm_url_DDT : 21 : Test case is started
2024-08-10 22:12:44,209 : INFO : Test_OrangeHRM_Login_DDT : test_orangehrm_url_DDT : 24 : Opening browser
2024-08-10 22:13:01,668 : INFO : Test_OrangeHRM_Login_DDT : test_orangehrm_login_DDT : 62 : Taking the screenshot for DDT
2024-08-10 22:13:56,528 : INFO : Test_OrangeHRM_Login_DDT : test_orangehrm_login_DDT : 93 : Testcase_DDT is failed 
2024-08-10 22:13:56,529 : INFO : Test_OrangeHRM_Login_DDT : test_orangehrm_login_DDT : 94 : Taking the screenshot for DDT
2024-08-10 22:14:51,741 : INFO : Test_OrangeHRM_Login_DDT : test_orangehrm_login_DDT : 93 : Testcase_DDT is failed 
2024-08-10 22:14:51,741 : INFO : Test_OrangeHRM_Login_DDT : test_orangehrm_login_DDT : 94 : Taking the screenshot for DDT
2024-08-10 22:15:46,429 : INFO : Test_OrangeHRM_Login_DDT : test_orangehrm_login_DDT : 93 : Testcase_DDT is failed 
2024-08-10 22:15:46,429 : INFO : Test_OrangeHRM_Login_DDT : test_orangehrm_login_DDT : 94 : Taking the screenshot for DDT
2024-08-10 22:15:48,606 : INFO : Test_OrangeHRM_Login_DDT : test_orangehrm_login_DDT : 102 : DDT Test Case Passed
2024-08-10 22:15:48,606 : INFO : Test_OrangeHRM_Login_DDT : test_orangehrm_login_DDT : 108 : Closing the browser for DDT
2024-08-10 22:15:48,606 : INFO : Test_OrangeHRM_Login_DDT : test_orangehrm_login_DDT : 109 : Browser closed for DDT
2024-08-11 14:32:23,305 : CRITICAL : Test_OrangeHRM_Login_DDT : test_orangehrm_url_DDT : 21 : Test case is started
2024-08-11 14:32:23,333 : INFO : Test_OrangeHRM_Login_DDT : test_orangehrm_url_DDT : 24 : Opening browser
2024-08-11 14:32:41,411 : INFO : Test_OrangeHRM_Login_DDT : test_orangehrm_login_DDT : 62 : Taking the screenshot for DDT
2024-08-11 14:33:35,800 : INFO : Test_OrangeHRM_Login_DDT : test_orangehrm_login_DDT : 93 : Testcase_DDT is failed 
2024-08-11 14:33:35,800 : INFO : Test_OrangeHRM_Login_DDT : test_orangehrm_login_DDT : 94 : Taking the screenshot for DDT
2024-08-11 14:34:30,034 : INFO : Test_OrangeHRM_Login_DDT : test_orangehrm_login_DDT : 93 : Testcase_DDT is failed 
2024-08-11 14:34:30,035 : INFO : Test_OrangeHRM_Login_DDT : test_orangehrm_login_DDT : 94 : Taking the screenshot for DDT
2024-08-11 14:35:24,344 : INFO : Test_OrangeHRM_Login_DDT : test_orangehrm_login_DDT : 93 : Testcase_DDT is failed 
2024-08-11 14:35:24,344 : INFO : Test_OrangeHRM_Login_DDT : test_orangehrm_login_DDT : 94 : Taking the screenshot for DDT
2024-08-11 14:35:26,555 : INFO : Test_OrangeHRM_Login_DDT : test_orangehrm_login_DDT : 102 : DDT Test Case Passed
2024-08-11 14:35:26,555 : INFO : Test_OrangeHRM_Login_DDT : test_orangehrm_login_DDT : 108 : Closing the browser for DDT
2024-08-11 14:35:26,555 : INFO : Test_OrangeHRM_Login_DDT : test_orangehrm_login_DDT : 109 : Browser closed for DDT
